<?xml version="1.0" encoding="UTF-8"?>
<testsuite xmlns:xsi="http://www.w3.org/2001/XMLSchema-instance" xsi:noNamespaceSchemaLocation="https://maven.apache.org/surefire/maven-surefire-plugin/xsd/surefire-test-report.xsd" name="TestSuite" time="8.283" tests="1" errors="0" skipped="0" failures="1">
  <properties>
[...]
</properties>
  <testcase name="runScenario" classname="testrunner.ParallelRun" time="7.132">
    <failure message="unknown error: cannot determine loading status&#10;from target frame detached&#10;  (Session info: chrome=127.0.6533.89)&#10;Build info: version: &apos;4.11.0&apos;, revision: &apos;040bc5406b&apos;&#10;System info: os.name: &apos;Windows 11&apos;, os.arch: &apos;amd64&apos;, os.version: &apos;10.0&apos;, java.version: &apos;17.0.10&apos;&#10;Driver info: org.openqa.selenium.chrome.ChromeDriver&#10;Command: [0fd6512c25f49ceaa149d88f30fc978e, clickElement {id=f.D0ABCFE90CAB082878DE84CF11CA4BBE.d.FDBF6195CD0262CB0532373C76FFE459.e.640}]&#10;Capabilities {acceptInsecureCerts: false, browserName: chrome, browserVersion: 127.0.6533.89, chrome: {chromedriverVersion: 127.0.6533.88 (a2d0cb026721..., userDataDir: C:\Users\adity\AppData\Loca...}, fedcm:accounts: true, goog:chromeOptions: {debuggerAddress: localhost:50637}, networkConnectionEnabled: false, pageLoadStrategy: normal, platformName: windows, proxy: Proxy(), se:cdp: ws://localhost:50637/devtoo..., se:cdpVersion: 127.0.6533.89, setWindowRect: true, strictFileInteractability: false, timeouts: {implicit: 0, pageLoad: 300000, script: 30000}, unhandledPromptBehavior: dismiss and notify, webauthn:extension:credBlob: true, webauthn:extension:largeBlob: true, webauthn:extension:minPinLength: true, webauthn:extension:prf: true, webauthn:virtualAuthenticators: true}&#10;Element: [[ChromeDriver: chrome on windows (0fd6512c25f49ceaa149d88f30fc978e)] -&gt; xpath: //a[@data-label=&apos;Mobiles::Compare Mobiles&apos;]]&#10;Session ID: 0fd6512c25f49ceaa149d88f30fc978e" type="org.openqa.selenium.WebDriverException">org.openqa.selenium.WebDriverException: 
unknown error: cannot determine loading status
from target frame detached
  (Session info: chrome=127.0.6533.89)
Build info: version: '4.11.0', revision: '040bc5406b'
System info: os.name: 'Windows 11', os.arch: 'amd64', os.version: '10.0', java.version: '17.0.10'
Driver info: org.openqa.selenium.chrome.ChromeDriver
Command: [0fd6512c25f49ceaa149d88f30fc978e, clickElement {id=f.D0ABCFE90CAB082878DE84CF11CA4BBE.d.FDBF6195CD0262CB0532373C76FFE459.e.640}]
Capabilities {acceptInsecureCerts: false, browserName: chrome, browserVersion: 127.0.6533.89, chrome: {chromedriverVersion: 127.0.6533.88 (a2d0cb026721..., userDataDir: C:\Users\adity\AppData\Loca...}, fedcm:accounts: true, goog:chromeOptions: {debuggerAddress: localhost:50637}, networkConnectionEnabled: false, pageLoadStrategy: normal, platformName: windows, proxy: Proxy(), se:cdp: ws://localhost:50637/devtoo..., se:cdpVersion: 127.0.6533.89, setWindowRect: true, strictFileInteractability: false, timeouts: {implicit: 0, pageLoad: 300000, script: 30000}, unhandledPromptBehavior: dismiss and notify, webauthn:extension:credBlob: true, webauthn:extension:largeBlob: true, webauthn:extension:minPinLength: true, webauthn:extension:prf: true, webauthn:virtualAuthenticators: true}
Element: [[ChromeDriver: chrome on windows (0fd6512c25f49ceaa149d88f30fc978e)] -> xpath: //a[@data-label='Mobiles::Compare Mobiles']]
Session ID: 0fd6512c25f49ceaa149d88f30fc978e
</failure>
    <system-out><![CDATA[
@browserStack
Scenario: LowPriceWithMSPAbove8.5                                       # src/test/resources/features/BrowserStackTest.feature:4
  Given user is on mysmartprice website                                 # stepdefinition.MobileComparisonStepDefinition.userIsOnMysmartpriceWebsite()
  When user clicks on compare mobile inside mobiles tab                 # stepdefinition.MobileComparisonStepDefinition.userClicksOnCompareMobileInsideMobilesTab()
      org.openqa.selenium.WebDriverException: unknown error: cannot determine loading status
from target frame detached
  (Session info: chrome=127.0.6533.89)
Build info: version: '4.11.0', revision: '040bc5406b'
System info: os.name: 'Windows 11', os.arch: 'amd64', os.version: '10.0', java.version: '17.0.10'
Driver info: org.openqa.selenium.chrome.ChromeDriver
Command: [0fd6512c25f49ceaa149d88f30fc978e, clickElement {id=f.D0ABCFE90CAB082878DE84CF11CA4BBE.d.FDBF6195CD0262CB0532373C76FFE459.e.640}]
Capabilities {acceptInsecureCerts: false, browserName: chrome, browserVersion: 127.0.6533.89, chrome: {chromedriverVersion: 127.0.6533.88 (a2d0cb026721..., userDataDir: C:\Users\adity\AppData\Loca...}, fedcm:accounts: true, goog:chromeOptions: {debuggerAddress: localhost:50637}, networkConnectionEnabled: false, pageLoadStrategy: normal, platformName: windows, proxy: Proxy(), se:cdp: ws://localhost:50637/devtoo..., se:cdpVersion: 127.0.6533.89, setWindowRect: true, strictFileInteractability: false, timeouts: {implicit: 0, pageLoad: 300000, script: 30000}, unhandledPromptBehavior: dismiss and notify, webauthn:extension:credBlob: true, webauthn:extension:largeBlob: true, webauthn:extension:minPinLength: true, webauthn:extension:prf: true, webauthn:virtualAuthenticators: true}
Element: [[ChromeDriver: chrome on windows (0fd6512c25f49ceaa149d88f30fc978e)] -> xpath: //a[@data-label='Mobiles::Compare Mobiles']]
Session ID: 0fd6512c25f49ceaa149d88f30fc978e
	at java.base/jdk.internal.reflect.NativeConstructorAccessorImpl.newInstance0(Native Method)
	at java.base/jdk.internal.reflect.NativeConstructorAccessorImpl.newInstance(NativeConstructorAccessorImpl.java:77)
	at java.base/jdk.internal.reflect.DelegatingConstructorAccessorImpl.newInstance(DelegatingConstructorAccessorImpl.java:45)
	at java.base/java.lang.reflect.Constructor.newInstanceWithCaller(Constructor.java:499)
	at java.base/java.lang.reflect.Constructor.newInstance(Constructor.java:480)
	at org.openqa.selenium.remote.codec.w3c.W3CHttpResponseCodec.createException(W3CHttpResponseCodec.java:200)
	at org.openqa.selenium.remote.codec.w3c.W3CHttpResponseCodec.decode(W3CHttpResponseCodec.java:133)
	at org.openqa.selenium.remote.codec.w3c.W3CHttpResponseCodec.decode(W3CHttpResponseCodec.java:52)
	at org.openqa.selenium.remote.HttpCommandExecutor.execute(HttpCommandExecutor.java:191)
	at org.openqa.selenium.remote.service.DriverCommandExecutor.invokeExecute(DriverCommandExecutor.java:196)
	at org.openqa.selenium.remote.service.DriverCommandExecutor.execute(DriverCommandExecutor.java:171)
	at org.openqa.selenium.remote.RemoteWebDriver.execute(RemoteWebDriver.java:518)
	at org.openqa.selenium.remote.RemoteWebElement.execute(RemoteWebElement.java:224)
	at org.openqa.selenium.remote.RemoteWebElement.click(RemoteWebElement.java:77)
	at components.SmartPriceWebPage.clickCompareMobileOption(SmartPriceWebPage.java:37)
	at stepdefinition.MobileComparisonStepDefinition.userClicksOnCompareMobileInsideMobilesTab(MobileComparisonStepDefinition.java:31)
	at âœ½.user clicks on compare mobile inside mobiles tab(file:///C:/Users/adity/Desktop/WorkFiles/Workspace/Projects/browserstack-assignment/src/test/resources/features/BrowserStackTest.feature:6)

  And user selects "1" mobile "Motorola Edge 50 Pro 5G" for comparison  # stepdefinition.MobileComparisonStepDefinition.userSelectsMobileForComparison(java.lang.String,java.lang.String)
  And user selects "2" mobile "Samsung Galaxy S22 Ultra" for comparison # stepdefinition.MobileComparisonStepDefinition.userSelectsMobileForComparison(java.lang.String,java.lang.String)
  And user selects "3" mobile "OnePlus 10 Pro" for comparison           # stepdefinition.MobileComparisonStepDefinition.userSelectsMobileForComparison(java.lang.String,java.lang.String)
  And user selects "4" mobile "Google Pixel 6 Pro" for comparison       # stepdefinition.MobileComparisonStepDefinition.userSelectsMobileForComparison(java.lang.String,java.lang.String)
  Then user gets the msp score and price of each mobile                 # stepdefinition.MobileComparisonStepDefinition.userGetsTheMspScoreAndPriceOfEachMobile()
  Then we get the lowest price with msp score above "8.5"               # null
]]></system-out>
    <system-err><![CDATA[SLF4J: Failed to load class "org.slf4j.impl.StaticLoggerBinder".
SLF4J: Defaulting to no-operation (NOP) logger implementation
SLF4J: See http://www.slf4j.org/codes.html#StaticLoggerBinder for further details.
Aug 03, 2024 1:05:57 PM org.openqa.selenium.devtools.CdpVersionFinder findNearestMatch
WARNING: Unable to find CDP implementation matching 127
Aug 03, 2024 1:05:57 PM org.openqa.selenium.chromium.ChromiumDriver lambda$new$5
WARNING: Unable to find version of CDP to use for 127.0.6533.89. You may need to include a dependency on a specific version of the CDP using something similar to `org.seleniumhq.selenium:selenium-devtools-v86:4.11.0` where the version ("v86") matches the version of the chromium-based browser you're using and the version number of the artifact is the same as Selenium's.
]]></system-err>
  </testcase>
</testsuite>